Express server listening on port 3000
[90mGET / [32m200 [90m13ms - 1.98kb[0m
[90mGET /common.css [36m304 [90m5ms[0m
[90mGET /landing.css [36m304 [90m3ms[0m
[90mGET /landing.js [36m304 [90m1ms[0m
[90mPOST /access [32m200 [90m36ms - 40b[0m
{ cookie: 
   { path: '/',
     _expires: null,
     originalMaxAge: null,
     httpOnly: true },
  access: 'granted' }
[90mGET /home [36m304 [90m10ms[0m
[90mGET /home.css [36m304 [90m6ms[0m
[90mGET /common.css [36m304 [90m6ms[0m
[90mGET /modals.css [36m304 [90m2ms[0m
[90mGET /home.js [36m304 [90m3ms[0m
[90mGET /modals.js [36m304 [90m2ms[0m
[90mGET /tem_home_BG.jpg [36m304 [90m1ms[0m
Express server listening on port 3000
[90mPOST /login [32m200 [90m276ms - 43b[0m
[90mGET /profile [36m302 [90m3ms - 58b[0m
[90mGET / [36m302 [90m2ms - 72b[0m
[90mGET /profile [36m302 [90m2ms - 58b[0m
[90mGET / [36m302 [90m1ms - 72b[0m
[90mGET /profile [36m302 [90m1ms - 58b[0m
[90mGET / [36m302 [90m0ms - 72b[0m
[90mGET /profile [36m302 [90m1ms - 58b[0m
[90mGET / [36m302 [90m1ms - 72b[0m
[90mGET /profile [36m302 [90m0ms - 58b[0m
[90mGET / [36m302 [90m1ms - 72b[0m
[90mGET /profile [36m302 [90m2ms - 58b[0m
[90mGET / [36m302 [90m2ms - 72b[0m
[90mGET /profile [36m302 [90m1ms - 58b[0m
[90mGET / [36m302 [90m9ms - 72b[0m
[90mGET /profile [36m302 [90m1ms - 58b[0m
[90mGET / [36m302 [90m1ms - 72b[0m
[90mGET /profile [36m302 [90m2ms - 58b[0m
[90mGET / [36m302 [90m5ms - 72b[0m
[90mGET /profile [36m302 [90m1ms - 58b[0m
[90mGET / [36m302 [90m1ms - 72b[0m
[90mGET /profile [36m302 [90m1ms - 58b[0m
Express server listening on port 3000
