Express server listening on port 3000
[90mGET / [32m200 [90m14ms - 1.98kb[0m
[90mGET /common.css [36m304 [90m6ms[0m
[90mGET /landing.css [36m304 [90m4ms[0m
[90mGET /landing.js [36m304 [90m3ms[0m
restarted the server.
Express server listening on port 3000
restarted the server.
Express server listening on port 3000
restarted the server.
Express server listening on port 3000
restarted the server.
Express server listening on port 3000
restarted the server.
Express server listening on port 3000
restarted the server.
Express server listening on port 3000
restarted the server.
Express server listening on port 3000
restarted the server.
Express server listening on port 3000
restarted the server.
Express server listening on port 3000
